<?xml version="1.0" encoding="UTF-8"?>
<!-- Generated by org.testng.reporters.JUnitReportReporter -->
<testsuite hostname="Nikhil_ZenBook" failures="0" tests="2" name="testsOn_OC.TCase1" time="22.794" errors="0" timestamp="2023-10-06T08:59:21 IST" skipped="0">
  <testcase classname="testsOn_OC.TCase1" name="LoginToOC" time="8.444"/>
  <testcase classname="testsOn_OC.TCase1" name="Registration" time="14.350"/>
</testsuite> <!-- testsOn_OC.TCase1 -->
