<?xml version="1.0" encoding="UTF-8"?>
<!-- Generated by org.testng.reporters.JUnitReportReporter -->
<testsuite hostname="Nikhil_ZenBook" failures="0" tests="2" name="testsOn_OC.TCase1" time="18.508" errors="0" timestamp="2023-10-05T23:04:36 IST" skipped="0">
  <testcase classname="testsOn_OC.TCase1" name="LoginToOC" time="8.772"/>
  <testcase classname="testsOn_OC.TCase1" name="Registration" time="9.736"/>
</testsuite> <!-- testsOn_OC.TCase1 -->
