<?xml version="1.0" encoding="UTF-8"?>
<!-- Generated by org.testng.reporters.JUnitReportReporter -->
<testsuite hostname="Nikhil_ZenBook" failures="0" tests="2" name="testsOn_OC.TCase1" time="17.505" errors="0" timestamp="2023-10-11T14:04:24 IST" skipped="0">
  <testcase classname="testsOn_OC.TCase1" name="Registration" time="10.638"/>
  <testcase classname="testsOn_OC.TCase1" name="LoginToOC" time="6.867"/>
</testsuite> <!-- testsOn_OC.TCase1 -->
