<?xml version="1.0" encoding="UTF-8"?>
<!-- Generated by org.testng.reporters.JUnitReportReporter -->
<testsuite hostname="Nikhil_ZenBook" failures="0" tests="1" name="testsOn_OC.TC_RegistrationFunctionality" time="6.958" errors="0" timestamp="2023-10-05T22:56:44 IST" skipped="0">
  <testcase classname="testsOn_OC.TC_RegistrationFunctionality" name="Registration" time="6.958"/>
</testsuite> <!-- testsOn_OC.TC_RegistrationFunctionality -->
