<?xml version="1.0" encoding="UTF-8"?>
<!-- Generated by org.testng.reporters.JUnitReportReporter -->
<testsuite hostname="Nikhil_ZenBook" failures="0" tests="1" name="testsOn_OC.TC_LoginFunctionality" time="14.063" errors="0" timestamp="2023-10-05T18:36:41 IST" skipped="0">
  <testcase classname="testsOn_OC.TC_LoginFunctionality" name="MethodA" time="14.063"/>
</testsuite> <!-- testsOn_OC.TC_LoginFunctionality -->
